2026-06-03 12:06:31 +03:00: INFO:     Will watch for changes in these directories: ['C:\\mazao_guard']
2026-06-03 12:06:31 +03:00: INFO:     Uvicorn running on http://0.0.0.0:8000 (Press CTRL+C to quit)
2026-06-03 12:06:31 +03:00: INFO:     Started reloader process [26492] using StatReload
2026-06-03 12:06:36 +03:00: INFO:     Started server process [12692]
2026-06-03 12:06:36 +03:00: INFO:     Waiting for application startup.
2026-06-03 12:06:36 +03:00: ERROR:    Traceback (most recent call last):
2026-06-03 12:06:36 +03:00:   File "C:\mazao_guard\venv\Lib\site-packages\starlette\routing.py", line 638, in lifespan
2026-06-03 12:06:36 +03:00:     async with self.lifespan_context(app) as maybe_state:
2026-06-03 12:06:36 +03:00:                ~~~~~~~~~~~~~~~~~~~~~^^^^^
2026-06-03 12:06:36 +03:00:   File "C:\Users\Admin\AppData\Local\Programs\Python\Python313\Lib\contextlib.py", line 214, in __aenter__
2026-06-03 12:06:36 +03:00:     return await anext(self.gen)
2026-06-03 12:06:36 +03:00:            ^^^^^^^^^^^^^^^^^^^^^
2026-06-03 12:06:36 +03:00:   File "C:\mazao_guard\venv\Lib\site-packages\fastapi\routing.py", line 216, in merged_lifespan
2026-06-03 12:06:36 +03:00:     async with original_context(app) as maybe_original_state:
2026-06-03 12:06:36 +03:00:                ~~~~~~~~~~~~~~~~^^^^^
2026-06-03 12:06:36 +03:00:   File "C:\Users\Admin\AppData\Local\Programs\Python\Python313\Lib\contextlib.py", line 214, in __aenter__
2026-06-03 12:06:36 +03:00:     return await anext(self.gen)
2026-06-03 12:06:36 +03:00:            ^^^^^^^^^^^^^^^^^^^^^
2026-06-03 12:06:36 +03:00:   File "C:\mazao_guard\main.py", line 33, in lifespan
2026-06-03 12:06:36 +03:00:     init_db()
2026-06-03 12:06:36 +03:00:     ~~~~~~~^^
2026-06-03 12:06:36 +03:00:   File "C:\mazao_guard\app\database.py", line 196, in init_db
2026-06-03 12:06:36 +03:00:     print("\u2705 Database initialized")
2026-06-03 12:06:36 +03:00:     ~~~~~^^^^^^^^^^^^^^^^^^^^^^^^^^^
2026-06-03 12:06:36 +03:00:   File "C:\Users\Admin\AppData\Local\Programs\Python\Python313\Lib\encodings\cp1252.py", line 19, in encode
2026-06-03 12:06:36 +03:00:     return codecs.charmap_encode(input,self.errors,encoding_table)[0]
2026-06-03 12:06:36 +03:00:            ~~~~~~~~~~~~~~~~~~~~~^^^^^^^^^^^^^^^^^^^^^^^^^^^^^^^^^^
2026-06-03 12:06:36 +03:00: UnicodeEncodeError: 'charmap' codec can't encode character '\u2705' in position 0: character maps to <undefined>
2026-06-03 12:06:36 +03:00: 
2026-06-03 12:06:36 +03:00: ERROR:    Application startup failed. Exiting.
2026-06-03 12:12:58 +03:00: INFO:     Will watch for changes in these directories: ['C:\\mazao_guard']
2026-06-03 12:12:58 +03:00: INFO:     Uvicorn running on http://0.0.0.0:8000 (Press CTRL+C to quit)
2026-06-03 12:12:58 +03:00: INFO:     Started reloader process [11900] using StatReload
2026-06-03 12:13:00 +03:00: INFO:     Started server process [16136]
2026-06-03 12:13:00 +03:00: INFO:     Waiting for application startup.
2026-06-03 12:13:01 +03:00: ERROR:    Traceback (most recent call last):
2026-06-03 12:13:01 +03:00:   File "C:\mazao_guard\venv\Lib\site-packages\starlette\routing.py", line 638, in lifespan
2026-06-03 12:13:01 +03:00:     async with self.lifespan_context(app) as maybe_state:
2026-06-03 12:13:01 +03:00:                ~~~~~~~~~~~~~~~~~~~~~^^^^^
2026-06-03 12:13:01 +03:00:   File "C:\Users\Admin\AppData\Local\Programs\Python\Python313\Lib\contextlib.py", line 214, in __aenter__
2026-06-03 12:13:01 +03:00:     return await anext(self.gen)
2026-06-03 12:13:01 +03:00:            ^^^^^^^^^^^^^^^^^^^^^
2026-06-03 12:13:01 +03:00:   File "C:\mazao_guard\venv\Lib\site-packages\fastapi\routing.py", line 216, in merged_lifespan
2026-06-03 12:13:01 +03:00:     async with original_context(app) as maybe_original_state:
2026-06-03 12:13:01 +03:00:                ~~~~~~~~~~~~~~~~^^^^^
2026-06-03 12:13:01 +03:00:   File "C:\Users\Admin\AppData\Local\Programs\Python\Python313\Lib\contextlib.py", line 214, in __aenter__
2026-06-03 12:13:01 +03:00:     return await anext(self.gen)
2026-06-03 12:13:01 +03:00:            ^^^^^^^^^^^^^^^^^^^^^
2026-06-03 12:13:01 +03:00:   File "C:\mazao_guard\main.py", line 33, in lifespan
2026-06-03 12:13:01 +03:00:     init_db()
2026-06-03 12:13:01 +03:00:     ~~~~~~~^^
2026-06-03 12:13:01 +03:00:   File "C:\mazao_guard\app\database.py", line 196, in init_db
2026-06-03 12:13:01 +03:00:     print("\u2705 Database initialized")
2026-06-03 12:13:01 +03:00:     ~~~~~^^^^^^^^^^^^^^^^^^^^^^^^^^^
2026-06-03 12:13:01 +03:00:   File "C:\Users\Admin\AppData\Local\Programs\Python\Python313\Lib\encodings\cp1252.py", line 19, in encode
2026-06-03 12:13:01 +03:00:     return codecs.charmap_encode(input,self.errors,encoding_table)[0]
2026-06-03 12:13:01 +03:00:            ~~~~~~~~~~~~~~~~~~~~~^^^^^^^^^^^^^^^^^^^^^^^^^^^^^^^^^^
2026-06-03 12:13:01 +03:00: UnicodeEncodeError: 'charmap' codec can't encode character '\u2705' in position 0: character maps to <undefined>
2026-06-03 12:13:01 +03:00: 
2026-06-03 12:13:01 +03:00: ERROR:    Application startup failed. Exiting.
2026-06-03 12:18:27 +03:00: WARNING:  StatReload detected changes in 'app\ml_engine.py'. Reloading...
2026-06-03 12:18:30 +03:00: INFO:app.ml_engine:MLModelRegistry initialized
2026-06-03 12:18:31 +03:00: INFO:     Started server process [22144]
2026-06-03 12:18:31 +03:00: INFO:     Waiting for application startup.
2026-06-03 12:18:31 +03:00: ERROR:    Traceback (most recent call last):
2026-06-03 12:18:31 +03:00:   File "C:\mazao_guard\venv\Lib\site-packages\starlette\routing.py", line 638, in lifespan
2026-06-03 12:18:31 +03:00:     async with self.lifespan_context(app) as maybe_state:
2026-06-03 12:18:31 +03:00:                ~~~~~~~~~~~~~~~~~~~~~^^^^^
2026-06-03 12:18:31 +03:00:   File "C:\Users\Admin\AppData\Local\Programs\Python\Python313\Lib\contextlib.py", line 214, in __aenter__
2026-06-03 12:18:31 +03:00:     return await anext(self.gen)
2026-06-03 12:18:31 +03:00:            ^^^^^^^^^^^^^^^^^^^^^
2026-06-03 12:18:31 +03:00:   File "C:\mazao_guard\venv\Lib\site-packages\fastapi\routing.py", line 216, in merged_lifespan
2026-06-03 12:18:31 +03:00:     async with original_context(app) as maybe_original_state:
2026-06-03 12:18:31 +03:00:                ~~~~~~~~~~~~~~~~^^^^^
2026-06-03 12:18:31 +03:00:   File "C:\Users\Admin\AppData\Local\Programs\Python\Python313\Lib\contextlib.py", line 214, in __aenter__
2026-06-03 12:18:31 +03:00:     return await anext(self.gen)
2026-06-03 12:18:31 +03:00:            ^^^^^^^^^^^^^^^^^^^^^
2026-06-03 12:18:31 +03:00:   File "C:\mazao_guard\main.py", line 33, in lifespan
2026-06-03 12:18:31 +03:00:     init_db()
2026-06-03 12:18:31 +03:00:     ~~~~~~~^^
2026-06-03 12:18:31 +03:00:   File "C:\mazao_guard\app\database.py", line 196, in init_db
2026-06-03 12:18:31 +03:00:     print("\u2705 Database initialized")
2026-06-03 12:18:31 +03:00:     ~~~~~^^^^^^^^^^^^^^^^^^^^^^^^^^^
2026-06-03 12:18:31 +03:00:   File "C:\Users\Admin\AppData\Local\Programs\Python\Python313\Lib\encodings\cp1252.py", line 19, in encode
2026-06-03 12:18:31 +03:00:     return codecs.charmap_encode(input,self.errors,encoding_table)[0]
2026-06-03 12:18:31 +03:00:            ~~~~~~~~~~~~~~~~~~~~~^^^^^^^^^^^^^^^^^^^^^^^^^^^^^^^^^^
2026-06-03 12:18:31 +03:00: UnicodeEncodeError: 'charmap' codec can't encode character '\u2705' in position 0: character maps to <undefined>
2026-06-03 12:18:31 +03:00: 
2026-06-03 12:18:31 +03:00: ERROR:    Application startup failed. Exiting.
2026-06-03 12:19:12 +03:00: WARNING:  StatReload detected changes in 'main.py'. Reloading...
2026-06-03 12:19:13 +03:00: Traceback (most recent call last):
2026-06-03 12:19:13 +03:00:   File "<string>", line 1, in <module>
2026-06-03 12:19:13 +03:00:     from multiprocessing.spawn import spawn_main; spawn_main(parent_pid=11900, pipe_handle=928)
2026-06-03 12:19:13 +03:00:                                                   ~~~~~~~~~~^^^^^^^^^^^^^^^^^^^^^^^^^^^^^^^^^^^
2026-06-03 12:19:13 +03:00:   File "C:\Users\Admin\AppData\Local\Programs\Python\Python313\Lib\multiprocessing\spawn.py", line 122, in spawn_main
2026-06-03 12:19:13 +03:00:     exitcode = _main(fd, parent_sentinel)
2026-06-03 12:19:13 +03:00:   File "C:\Users\Admin\AppData\Local\Programs\Python\Python313\Lib\multiprocessing\spawn.py", line 131, in _main
2026-06-03 12:19:13 +03:00:     prepare(preparation_data)
2026-06-03 12:19:13 +03:00:     ~~~~~~~^^^^^^^^^^^^^^^^^^
2026-06-03 12:19:13 +03:00:   File "C:\Users\Admin\AppData\Local\Programs\Python\Python313\Lib\multiprocessing\spawn.py", line 246, in prepare
2026-06-03 12:19:13 +03:00:     _fixup_main_from_path(data['init_main_from_path'])
2026-06-03 12:19:13 +03:00:     ~~~~~~~~~~~~~~~~~~~~~^^^^^^^^^^^^^^^^^^^^^^^^^^^^^
2026-06-03 12:19:13 +03:00:   File "C:\Users\Admin\AppData\Local\Programs\Python\Python313\Lib\multiprocessing\spawn.py", line 297, in _fixup_main_from_path
2026-06-03 12:19:13 +03:00:     main_content = runpy.run_path(main_path,
2026-06-03 12:19:13 +03:00:                                   run_name="__mp_main__")
2026-06-03 12:19:13 +03:00:   File "<frozen runpy>", line 287, in run_path
2026-06-03 12:19:13 +03:00:   File "<frozen runpy>", line 98, in _run_module_code
2026-06-03 12:19:13 +03:00:   File "<frozen runpy>", line 88, in _run_code
2026-06-03 12:19:13 +03:00:   File "C:\mazao_guard\main.py", line 10, in <module>
2026-06-03 12:19:13 +03:00:     from contextlib import asynccontextcontextmanager
2026-06-03 12:19:13 +03:00: ImportError: cannot import name 'asynccontextcontextmanager' from 'contextlib' (C:\Users\Admin\AppData\Local\Programs\Python\Python313\Lib\contextlib.py). Did you mean: 'asynccontextmanager'?
2026-06-03 12:24:04 +03:00: WARNING:  StatReload detected changes in 'main.py'. Reloading...
2026-06-03 12:24:06 +03:00: INFO:app.ml_engine:MLModelRegistry initialized
2026-06-03 12:24:06 +03:00: INFO:     Started server process [23588]
2026-06-03 12:24:06 +03:00: INFO:     Waiting for application startup.
2026-06-03 12:24:06 +03:00: INFO:app.database:\u2705 Database initialized
2026-06-03 12:24:06 +03:00: ERROR:    Traceback (most recent call last):
2026-06-03 12:24:06 +03:00:   File "C:\mazao_guard\venv\Lib\site-packages\starlette\routing.py", line 638, in lifespan
2026-06-03 12:24:06 +03:00:     async with self.lifespan_context(app) as maybe_state:
2026-06-03 12:24:06 +03:00:                ~~~~~~~~~~~~~~~~~~~~~^^^^^
2026-06-03 12:24:06 +03:00:   File "C:\Users\Admin\AppData\Local\Programs\Python\Python313\Lib\contextlib.py", line 214, in __aenter__
2026-06-03 12:24:06 +03:00:     return await anext(self.gen)
2026-06-03 12:24:06 +03:00:            ^^^^^^^^^^^^^^^^^^^^^
2026-06-03 12:24:06 +03:00:   File "C:\mazao_guard\venv\Lib\site-packages\fastapi\routing.py", line 216, in merged_lifespan
2026-06-03 12:24:06 +03:00:     async with original_context(app) as maybe_original_state:
2026-06-03 12:24:06 +03:00:                ~~~~~~~~~~~~~~~~^^^^^
2026-06-03 12:24:06 +03:00:   File "C:\Users\Admin\AppData\Local\Programs\Python\Python313\Lib\contextlib.py", line 214, in __aenter__
2026-06-03 12:24:06 +03:00:     return await anext(self.gen)
2026-06-03 12:24:06 +03:00:            ^^^^^^^^^^^^^^^^^^^^^
2026-06-03 12:24:06 +03:00:   File "C:\mazao_guard\main.py", line 35, in lifespan
2026-06-03 12:24:06 +03:00:     print("\U0001f33d MAZAO GUARD API STARTED")
2026-06-03 12:24:06 +03:00:     ~~~~~^^^^^^^^^^^^^^^^^^^^^^^^^^^^^^
2026-06-03 12:24:06 +03:00:   File "C:\Users\Admin\AppData\Local\Programs\Python\Python313\Lib\encodings\cp1252.py", line 19, in encode
2026-06-03 12:24:06 +03:00:     return codecs.charmap_encode(input,self.errors,encoding_table)[0]
2026-06-03 12:24:06 +03:00:            ~~~~~~~~~~~~~~~~~~~~~^^^^^^^^^^^^^^^^^^^^^^^^^^^^^^^^^^
2026-06-03 12:24:06 +03:00: UnicodeEncodeError: 'charmap' codec can't encode character '\U0001f33d' in position 0: character maps to <undefined>
2026-06-03 12:24:06 +03:00: 
2026-06-03 12:24:06 +03:00: ERROR:    Application startup failed. Exiting.
2026-06-03 12:29:47 +03:00: WARNING:  StatReload detected changes in 'main.py'. Reloading...
2026-06-03 12:29:50 +03:00: INFO:app.ml_engine:MLModelRegistry initialized
2026-06-03 12:29:50 +03:00: INFO:     Started server process [14092]
2026-06-03 12:29:50 +03:00: INFO:     Waiting for application startup.
2026-06-03 12:29:50 +03:00: INFO:app.database:\u2705 Database initialized
2026-06-03 12:29:50 +03:00: ERROR:    Traceback (most recent call last):
2026-06-03 12:29:50 +03:00:   File "C:\mazao_guard\venv\Lib\site-packages\starlette\routing.py", line 638, in lifespan
2026-06-03 12:29:50 +03:00:     async with self.lifespan_context(app) as maybe_state:
2026-06-03 12:29:50 +03:00:                ~~~~~~~~~~~~~~~~~~~~~^^^^^
2026-06-03 12:29:50 +03:00:   File "C:\Users\Admin\AppData\Local\Programs\Python\Python313\Lib\contextlib.py", line 214, in __aenter__
2026-06-03 12:29:50 +03:00:     return await anext(self.gen)
2026-06-03 12:29:50 +03:00:            ^^^^^^^^^^^^^^^^^^^^^
2026-06-03 12:29:50 +03:00:   File "C:\mazao_guard\venv\Lib\site-packages\fastapi\routing.py", line 216, in merged_lifespan
2026-06-03 12:29:50 +03:00:     async with original_context(app) as maybe_original_state:
2026-06-03 12:29:50 +03:00:                ~~~~~~~~~~~~~~~~^^^^^
2026-06-03 12:29:50 +03:00:   File "C:\Users\Admin\AppData\Local\Programs\Python\Python313\Lib\contextlib.py", line 214, in __aenter__
2026-06-03 12:29:50 +03:00:     return await anext(self.gen)
2026-06-03 12:29:50 +03:00:            ^^^^^^^^^^^^^^^^^^^^^
2026-06-03 12:29:50 +03:00:   File "C:\mazao_guard\main.py", line 35, in lifespan
2026-06-03 12:29:50 +03:00:     print("\U0001f33d MAZAO GUARD API STARTED")
2026-06-03 12:29:50 +03:00:     ~~~~~^^^^^^^^^^^^^^^^^^^^^^^^^^^^^^
2026-06-03 12:29:50 +03:00:   File "C:\Users\Admin\AppData\Local\Programs\Python\Python313\Lib\encodings\cp1252.py", line 19, in encode
2026-06-03 12:29:50 +03:00:     return codecs.charmap_encode(input,self.errors,encoding_table)[0]
2026-06-03 12:29:50 +03:00:            ~~~~~~~~~~~~~~~~~~~~~^^^^^^^^^^^^^^^^^^^^^^^^^^^^^^^^^^
2026-06-03 12:29:50 +03:00: UnicodeEncodeError: 'charmap' codec can't encode character '\U0001f33d' in position 0: character maps to <undefined>
2026-06-03 12:29:50 +03:00: 
2026-06-03 12:29:50 +03:00: ERROR:    Application startup failed. Exiting.
2026-06-03 12:33:04 +03:00: WARNING:  StatReload detected changes in 'app\dashboard.py'. Reloading...
2026-06-03 12:33:08 +03:00: INFO:app.ml_engine:MLModelRegistry initialized
2026-06-03 12:33:08 +03:00: INFO:     Started server process [24408]
2026-06-03 12:33:08 +03:00: INFO:     Waiting for application startup.
2026-06-03 12:33:08 +03:00: INFO:app.database:\u2705 Database initialized
2026-06-03 12:33:08 +03:00: ERROR:    Traceback (most recent call last):
2026-06-03 12:33:08 +03:00:   File "C:\mazao_guard\venv\Lib\site-packages\starlette\routing.py", line 638, in lifespan
2026-06-03 12:33:08 +03:00:     async with self.lifespan_context(app) as maybe_state:
2026-06-03 12:33:08 +03:00:                ~~~~~~~~~~~~~~~~~~~~~^^^^^
2026-06-03 12:33:08 +03:00:   File "C:\Users\Admin\AppData\Local\Programs\Python\Python313\Lib\contextlib.py", line 214, in __aenter__
2026-06-03 12:33:08 +03:00:     return await anext(self.gen)
2026-06-03 12:33:08 +03:00:            ^^^^^^^^^^^^^^^^^^^^^
2026-06-03 12:33:08 +03:00:   File "C:\mazao_guard\venv\Lib\site-packages\fastapi\routing.py", line 216, in merged_lifespan
2026-06-03 12:33:08 +03:00:     async with original_context(app) as maybe_original_state:
2026-06-03 12:33:08 +03:00:                ~~~~~~~~~~~~~~~~^^^^^
2026-06-03 12:33:08 +03:00:   File "C:\Users\Admin\AppData\Local\Programs\Python\Python313\Lib\contextlib.py", line 214, in __aenter__
2026-06-03 12:33:08 +03:00:     return await anext(self.gen)
2026-06-03 12:33:08 +03:00:            ^^^^^^^^^^^^^^^^^^^^^
2026-06-03 12:33:08 +03:00:   File "C:\mazao_guard\main.py", line 35, in lifespan
2026-06-03 12:33:08 +03:00:     print("\U0001f33d MAZAO GUARD API STARTED")
2026-06-03 12:33:08 +03:00:     ~~~~~^^^^^^^^^^^^^^^^^^^^^^^^^^^^^^
2026-06-03 12:33:08 +03:00:   File "C:\Users\Admin\AppData\Local\Programs\Python\Python313\Lib\encodings\cp1252.py", line 19, in encode
2026-06-03 12:33:08 +03:00:     return codecs.charmap_encode(input,self.errors,encoding_table)[0]
2026-06-03 12:33:08 +03:00:            ~~~~~~~~~~~~~~~~~~~~~^^^^^^^^^^^^^^^^^^^^^^^^^^^^^^^^^^
2026-06-03 12:33:08 +03:00: UnicodeEncodeError: 'charmap' codec can't encode character '\U0001f33d' in position 0: character maps to <undefined>
2026-06-03 12:33:08 +03:00: 
2026-06-03 12:33:08 +03:00: ERROR:    Application startup failed. Exiting.
2026-06-03 14:51:23 +03:00: WARNING:  StatReload detected changes in 'app\dashboard.py'. Reloading...
2026-06-03 14:51:27 +03:00: INFO:app.ml_engine:MLModelRegistry initialized
2026-06-03 14:51:27 +03:00: INFO:     Started server process [21616]
2026-06-03 14:51:27 +03:00: INFO:     Waiting for application startup.
2026-06-03 14:51:27 +03:00: INFO:app.database:\u2705 Database initialized
2026-06-03 14:51:27 +03:00: ERROR:    Traceback (most recent call last):
2026-06-03 14:51:27 +03:00:   File "C:\mazao_guard\venv\Lib\site-packages\starlette\routing.py", line 638, in lifespan
2026-06-03 14:51:27 +03:00:     async with self.lifespan_context(app) as maybe_state:
2026-06-03 14:51:27 +03:00:                ~~~~~~~~~~~~~~~~~~~~~^^^^^
2026-06-03 14:51:27 +03:00:   File "C:\Users\Admin\AppData\Local\Programs\Python\Python313\Lib\contextlib.py", line 214, in __aenter__
2026-06-03 14:51:27 +03:00:     return await anext(self.gen)
2026-06-03 14:51:27 +03:00:            ^^^^^^^^^^^^^^^^^^^^^
2026-06-03 14:51:27 +03:00:   File "C:\mazao_guard\venv\Lib\site-packages\fastapi\routing.py", line 216, in merged_lifespan
2026-06-03 14:51:27 +03:00:     async with original_context(app) as maybe_original_state:
2026-06-03 14:51:27 +03:00:                ~~~~~~~~~~~~~~~~^^^^^
2026-06-03 14:51:27 +03:00:   File "C:\Users\Admin\AppData\Local\Programs\Python\Python313\Lib\contextlib.py", line 214, in __aenter__
2026-06-03 14:51:27 +03:00:     return await anext(self.gen)
2026-06-03 14:51:27 +03:00:            ^^^^^^^^^^^^^^^^^^^^^
2026-06-03 14:51:27 +03:00:   File "C:\mazao_guard\main.py", line 35, in lifespan
2026-06-03 14:51:27 +03:00:     print("\U0001f33d MAZAO GUARD API STARTED")
2026-06-03 14:51:27 +03:00:     ~~~~~^^^^^^^^^^^^^^^^^^^^^^^^^^^^^^
2026-06-03 14:51:27 +03:00:   File "C:\Users\Admin\AppData\Local\Programs\Python\Python313\Lib\encodings\cp1252.py", line 19, in encode
2026-06-03 14:51:27 +03:00:     return codecs.charmap_encode(input,self.errors,encoding_table)[0]
2026-06-03 14:51:27 +03:00:            ~~~~~~~~~~~~~~~~~~~~~^^^^^^^^^^^^^^^^^^^^^^^^^^^^^^^^^^
2026-06-03 14:51:27 +03:00: UnicodeEncodeError: 'charmap' codec can't encode character '\U0001f33d' in position 0: character maps to <undefined>
2026-06-03 14:51:27 +03:00: 
2026-06-03 14:51:27 +03:00: ERROR:    Application startup failed. Exiting.
2026-06-03 15:45:01 +03:00: WARNING:  StatReload detected changes in 'app\dashboard.py'. Reloading...
2026-06-03 15:45:04 +03:00: INFO:app.ml_engine:MLModelRegistry initialized
2026-06-03 15:45:05 +03:00: INFO:     Started server process [21724]
2026-06-03 15:45:05 +03:00: INFO:     Waiting for application startup.
2026-06-03 15:45:05 +03:00: INFO:app.database:\u2705 Database initialized
2026-06-03 15:45:05 +03:00: ERROR:    Traceback (most recent call last):
2026-06-03 15:45:05 +03:00:   File "C:\mazao_guard\venv\Lib\site-packages\starlette\routing.py", line 638, in lifespan
2026-06-03 15:45:05 +03:00:     async with self.lifespan_context(app) as maybe_state:
2026-06-03 15:45:05 +03:00:                ~~~~~~~~~~~~~~~~~~~~~^^^^^
2026-06-03 15:45:05 +03:00:   File "C:\Users\Admin\AppData\Local\Programs\Python\Python313\Lib\contextlib.py", line 214, in __aenter__
2026-06-03 15:45:05 +03:00:     return await anext(self.gen)
2026-06-03 15:45:05 +03:00:            ^^^^^^^^^^^^^^^^^^^^^
2026-06-03 15:45:05 +03:00:   File "C:\mazao_guard\venv\Lib\site-packages\fastapi\routing.py", line 216, in merged_lifespan
2026-06-03 15:45:05 +03:00:     async with original_context(app) as maybe_original_state:
2026-06-03 15:45:05 +03:00:                ~~~~~~~~~~~~~~~~^^^^^
2026-06-03 15:45:05 +03:00:   File "C:\Users\Admin\AppData\Local\Programs\Python\Python313\Lib\contextlib.py", line 214, in __aenter__
2026-06-03 15:45:05 +03:00:     return await anext(self.gen)
2026-06-03 15:45:05 +03:00:            ^^^^^^^^^^^^^^^^^^^^^
2026-06-03 15:45:05 +03:00:   File "C:\mazao_guard\main.py", line 35, in lifespan
2026-06-03 15:45:05 +03:00:     print("\U0001f33d MAZAO GUARD API STARTED")
2026-06-03 15:45:05 +03:00:     ~~~~~^^^^^^^^^^^^^^^^^^^^^^^^^^^^^^
2026-06-03 15:45:05 +03:00:   File "C:\Users\Admin\AppData\Local\Programs\Python\Python313\Lib\encodings\cp1252.py", line 19, in encode
2026-06-03 15:45:05 +03:00:     return codecs.charmap_encode(input,self.errors,encoding_table)[0]
2026-06-03 15:45:05 +03:00:            ~~~~~~~~~~~~~~~~~~~~~^^^^^^^^^^^^^^^^^^^^^^^^^^^^^^^^^^
2026-06-03 15:45:05 +03:00: UnicodeEncodeError: 'charmap' codec can't encode character '\U0001f33d' in position 0: character maps to <undefined>
2026-06-03 15:45:05 +03:00: 
2026-06-03 15:45:05 +03:00: ERROR:    Application startup failed. Exiting.
